<?xml version="1.0" encoding="utf-8"?><testsuites><testsuite name="pytest" errors="0" failures="0" skipped="0" tests="51" time="33.423" timestamp="2025-06-04T14:15:27.060498+02:00" hostname="lap323-0025"><testcase classname="tests.test_camera_streamer.TestCameraStreamer" name="test_capture_frame_cap_is_none" time="10.878" /><testcase classname="tests.test_camera_streamer.TestCameraStreamer" name="test_capture_frame_encoding_error" time="0.006" /><testcase classname="tests.test_camera_streamer.TestCameraStreamer" name="test_capture_frame_not_initialized" time="6.779" /><testcase classname="tests.test_camera_streamer.TestCameraStreamer" name="test_capture_frame_read_error" time="0.004" /><testcase classname="tests.test_camera_streamer.TestCameraStreamer" name="test_capture_frame_success" time="0.007" /><testcase classname="tests.test_camera_streamer.TestCameraStreamer" name="test_init_camera_exception" time="6.338" /><testcase classname="tests.test_camera_streamer.TestCameraStreamer" name="test_initialize_camera_failure_not_opened" time="0.006" /><testcase classname="tests.test_camera_streamer.TestCameraStreamer" name="test_initialize_camera_failure_read_error" time="0.007" /><testcase classname="tests.test_camera_streamer.TestCameraStreamer" name="test_initialize_camera_success" time="0.004" /><testcase classname="tests.test_camera_streamer.TestCameraStreamer" name="test_release" time="0.004" /><testcase classname="tests.test_camera_streamer.TestCameraStreamer" name="test_release_with_exception" time="6.476" /><testcase classname="tests.test_command_handler.TestCommandHandler" name="test_connection_closed_callback_error" time="0.016" /><testcase classname="tests.test_command_handler.TestCommandHandler" name="test_init" time="0.003" /><testcase classname="tests.test_command_handler.TestCommandHandler" name="test_process_commands" time="0.003" /><testcase classname="tests.test_command_handler.TestCommandHandler" name="test_process_commands_connection_closed_error" time="0.006" /><testcase classname="tests.test_command_handler.TestCommandHandler" name="test_process_commands_decode_error" time="0.005" /><testcase classname="tests.test_command_handler.TestCommandHandler" name="test_run_connection_closed_error" time="0.006" /><testcase classname="tests.test_command_handler.TestCommandHandler" name="test_run_connection_error" time="0.007" /><testcase classname="tests.test_command_handler.TestCommandHandler" name="test_run_process_commands" time="0.007" /><testcase classname="tests.test_command_handler.TestCommandHandler" name="test_run_unexpected_error" time="0.007" /><testcase classname="tests.test_command_handler.TestCommandHandler" name="test_stop" time="0.003" /><testcase classname="tests.test_connection.TestConnection" name="test_accept_connection_failure" time="0.004" /><testcase classname="tests.test_connection.TestConnection" name="test_accept_connection_success" time="0.005" /><testcase classname="tests.test_connection.TestConnection" name="test_close" time="0.004" /><testcase classname="tests.test_connection.TestConnection" name="test_close_with_exception" time="0.005" /><testcase classname="tests.test_connection.TestConnection" name="test_create_server_failure" time="0.006" /><testcase classname="tests.test_connection.TestConnection" name="test_create_server_success" time="0.008" /><testcase classname="tests.test_connection.TestConnection" name="test_recv_exactly_broken_pipe" time="0.004" /><testcase classname="tests.test_connection.TestConnection" name="test_recv_exactly_connection_closed" time="0.003" /><testcase classname="tests.test_connection.TestConnection" name="test_recv_exactly_connection_reset" time="0.004" /><testcase classname="tests.test_connection.TestConnection" name="test_recv_exactly_error" time="0.004" /><testcase classname="tests.test_connection.TestConnection" name="test_recv_exactly_success" time="0.005" /><testcase classname="tests.test_connection.TestConnection" name="test_recv_exactly_timeout" time="0.003" /><testcase classname="tests.test_connection.TestConnection" name="test_recv_message_success" time="0.004" /><testcase classname="tests.test_connection.TestConnection" name="test_send_all_broken_pipe" time="0.003" /><testcase classname="tests.test_connection.TestConnection" name="test_send_all_connection_reset" time="0.003" /><testcase classname="tests.test_connection.TestConnection" name="test_send_all_timeout" time="0.004" /><testcase classname="tests.test_connection.TestConnection" name="test_send_message_error" time="0.005" /><testcase classname="tests.test_connection.TestConnection" name="test_send_message_success" time="0.005" /><testcase classname="tests.test_webcam_server.TestWebcamServer" name="test_cleanup_camera_error" time="0.009" /><testcase classname="tests.test_webcam_server.TestWebcamServer" name="test_init" time="0.007" /><testcase classname="tests.test_webcam_server.TestWebcamServer" name="test_main_loop" time="0.520" /><testcase classname="tests.test_webcam_server.TestWebcamServer" name="test_main_loop_connection_error" time="0.006" /><testcase classname="tests.test_webcam_server.TestWebcamServer" name="test_process_commands" time="0.006" /><testcase classname="tests.test_webcam_server.TestWebcamServer" name="test_process_commands_capture_error" time="0.008" /><testcase classname="tests.test_webcam_server.TestWebcamServer" name="test_process_commands_send_error" time="0.010" /><testcase classname="tests.test_webcam_server.TestWebcamServer" name="test_send_image_no_camera" time="0.006" /><testcase classname="tests.test_webcam_server.TestWebcamServer" name="test_send_image_no_client" time="0.006" /><testcase classname="tests.test_webcam_server.TestWebcamServer" name="test_start_failure" time="0.005" /><testcase classname="tests.test_webcam_server.TestWebcamServer" name="test_start_success" time="0.009" /><testcase classname="tests.test_webcam_server.TestWebcamServer" name="test_stop" time="0.006" /></testsuite></testsuites>
